2025-12-14 18:28:28,612 INFO: Gas Finder API startup [in C:\Users\amrti\OneDrive\Desktop\GasApp\gas-finder-backend\app.py:31]
2025-12-14 18:28:29,777 INFO: Database initialized [in C:\Users\amrti\OneDrive\Desktop\GasApp\gas-finder-backend\app.py:120]
2025-12-14 18:31:19,755 INFO: Gas Finder API startup [in C:\Users\amrti\OneDrive\Desktop\GasApp\gas-finder-backend\app.py:31]
2025-12-14 18:31:19,919 INFO: Database initialized [in C:\Users\amrti\OneDrive\Desktop\GasApp\gas-finder-backend\app.py:120]
2025-12-14 18:40:24,529 INFO: Gas Finder API startup [in C:\Users\amrti\OneDrive\Desktop\GasApp\gas-finder-backend\app.py:31]
2025-12-14 18:40:24,692 INFO: Database initialized [in C:\Users\amrti\OneDrive\Desktop\GasApp\gas-finder-backend\app.py:120]
2025-12-14 18:40:42,508 INFO: Returned 20 gas stations for location 41.96909856215306,-88.18721031720307 [in C:\Users\amrti\OneDrive\Desktop\GasApp\gas-finder-backend\app.py:261]
2025-12-14 18:40:46,743 INFO: Returned 20 gas stations for location 41.96909856215306,-88.18721031720307 [in C:\Users\amrti\OneDrive\Desktop\GasApp\gas-finder-backend\app.py:261]
2025-12-14 18:40:53,245 INFO: Returned 20 gas stations for location 41.96909856215306,-88.18721031720307 [in C:\Users\amrti\OneDrive\Desktop\GasApp\gas-finder-backend\app.py:261]
2025-12-14 18:41:14,667 INFO: Returned 20 gas stations for location 41.96909856215306,-88.18721031720307 [in C:\Users\amrti\OneDrive\Desktop\GasApp\gas-finder-backend\app.py:261]
2025-12-14 18:41:19,968 INFO: Returned 15 gas stations for location 41.96909856215306,-88.18721031720307 [in C:\Users\amrti\OneDrive\Desktop\GasApp\gas-finder-backend\app.py:261]
2025-12-14 18:41:28,507 INFO: Returned 15 gas stations for location 41.96909856215306,-88.18721031720307 [in C:\Users\amrti\OneDrive\Desktop\GasApp\gas-finder-backend\app.py:261]
2025-12-14 18:41:36,791 INFO: Returned 20 gas stations for location 41.96909856215306,-88.18721031720307 [in C:\Users\amrti\OneDrive\Desktop\GasApp\gas-finder-backend\app.py:261]
2025-12-14 18:41:39,996 INFO: Returned 20 gas stations for location 41.96909856215306,-88.18721031720307 [in C:\Users\amrti\OneDrive\Desktop\GasApp\gas-finder-backend\app.py:261]
2025-12-14 18:41:53,573 INFO: Returned 20 gas stations for location 41.96909856215306,-88.18721031720307 [in C:\Users\amrti\OneDrive\Desktop\GasApp\gas-finder-backend\app.py:261]
2025-12-14 18:42:00,242 INFO: Returned 20 gas stations for location 41.96909856215306,-88.18721031720307 [in C:\Users\amrti\OneDrive\Desktop\GasApp\gas-finder-backend\app.py:261]
2025-12-14 18:42:07,490 INFO: Returned 20 gas stations for location 41.96909856215306,-88.18721031720307 [in C:\Users\amrti\OneDrive\Desktop\GasApp\gas-finder-backend\app.py:261]
2025-12-14 22:32:56,493 INFO: Gas Finder API startup [in C:\Users\amrti\OneDrive\Desktop\GasApp\gas-finder-backend\app.py:31]
2025-12-14 22:32:56,688 INFO: Database initialized [in C:\Users\amrti\OneDrive\Desktop\GasApp\gas-finder-backend\app.py:120]
2025-12-14 22:33:52,332 INFO: Returned 20 gas stations for location 41.96911385619351,-88.187195868184 [in C:\Users\amrti\OneDrive\Desktop\GasApp\gas-finder-backend\app.py:261]
2025-12-14 22:34:04,809 INFO: Returned 20 gas stations for location 41.96911385619351,-88.187195868184 [in C:\Users\amrti\OneDrive\Desktop\GasApp\gas-finder-backend\app.py:261]
2025-12-14 22:34:09,433 INFO: Returned 20 gas stations for location 41.96911385619351,-88.187195868184 [in C:\Users\amrti\OneDrive\Desktop\GasApp\gas-finder-backend\app.py:261]
2025-12-14 22:34:22,853 INFO: Returned 20 gas stations for location 41.96911385619351,-88.187195868184 [in C:\Users\amrti\OneDrive\Desktop\GasApp\gas-finder-backend\app.py:261]
2025-12-14 22:34:25,125 INFO: Returned 20 gas stations for location 41.96911385619351,-88.187195868184 [in C:\Users\amrti\OneDrive\Desktop\GasApp\gas-finder-backend\app.py:261]
2025-12-14 22:34:32,983 INFO: Returned 15 gas stations for location 41.96911385619351,-88.187195868184 [in C:\Users\amrti\OneDrive\Desktop\GasApp\gas-finder-backend\app.py:261]
2025-12-14 22:34:36,319 INFO: Returned 15 gas stations for location 41.96911385619351,-88.187195868184 [in C:\Users\amrti\OneDrive\Desktop\GasApp\gas-finder-backend\app.py:261]
2025-12-14 22:34:47,565 INFO: Returned 20 gas stations for location 41.96911385619351,-88.187195868184 [in C:\Users\amrti\OneDrive\Desktop\GasApp\gas-finder-backend\app.py:261]
2025-12-14 22:34:48,413 INFO: Returned 20 gas stations for location 41.96911385619351,-88.187195868184 [in C:\Users\amrti\OneDrive\Desktop\GasApp\gas-finder-backend\app.py:261]
2025-12-14 22:35:00,712 INFO: Returned 20 gas stations for location 41.96911385619351,-88.187195868184 [in C:\Users\amrti\OneDrive\Desktop\GasApp\gas-finder-backend\app.py:261]
2025-12-14 22:35:31,001 INFO: Returned 20 gas stations for location 41.96910399729004,-88.18716310554969 [in C:\Users\amrti\OneDrive\Desktop\GasApp\gas-finder-backend\app.py:261]
2025-12-14 22:35:38,869 INFO: Returned 20 gas stations for location 41.96910399729004,-88.18716310554969 [in C:\Users\amrti\OneDrive\Desktop\GasApp\gas-finder-backend\app.py:261]
2025-12-14 22:35:46,290 INFO: Returned 15 gas stations for location 41.96910399729004,-88.18716310554969 [in C:\Users\amrti\OneDrive\Desktop\GasApp\gas-finder-backend\app.py:261]
2025-12-14 22:35:51,323 INFO: Returned 20 gas stations for location 41.96910399729004,-88.18716310554969 [in C:\Users\amrti\OneDrive\Desktop\GasApp\gas-finder-backend\app.py:261]
2025-12-14 22:39:01,787 INFO: Returned 20 gas stations for location 41.96910122370421,-88.18719280161852 [in C:\Users\amrti\OneDrive\Desktop\GasApp\gas-finder-backend\app.py:261]
2025-12-14 22:39:08,306 INFO: Returned 20 gas stations for location 41.96910122370421,-88.18719280161852 [in C:\Users\amrti\OneDrive\Desktop\GasApp\gas-finder-backend\app.py:261]
2025-12-14 22:39:25,226 INFO: Returned 20 gas stations for location 41.96910122370421,-88.18719280161852 [in C:\Users\amrti\OneDrive\Desktop\GasApp\gas-finder-backend\app.py:261]
2025-12-14 22:39:26,637 INFO: Returned 20 gas stations for location 41.96910122370421,-88.18719280161852 [in C:\Users\amrti\OneDrive\Desktop\GasApp\gas-finder-backend\app.py:261]
2025-12-14 22:39:27,116 INFO: Returned 15 gas stations for location 41.96910122370421,-88.18719280161852 [in C:\Users\amrti\OneDrive\Desktop\GasApp\gas-finder-backend\app.py:261]
2025-12-14 22:39:29,746 INFO: Returned 15 gas stations for location 41.96910122370421,-88.18719280161852 [in C:\Users\amrti\OneDrive\Desktop\GasApp\gas-finder-backend\app.py:261]
2025-12-14 22:39:36,725 INFO: Returned 20 gas stations for location 41.96910122370421,-88.18719280161852 [in C:\Users\amrti\OneDrive\Desktop\GasApp\gas-finder-backend\app.py:261]
2025-12-14 22:39:38,715 INFO: Returned 20 gas stations for location 41.96910122370421,-88.18719280161852 [in C:\Users\amrti\OneDrive\Desktop\GasApp\gas-finder-backend\app.py:261]
2025-12-14 22:39:53,078 INFO: Returned 20 gas stations for location 41.96910122370421,-88.18719280161852 [in C:\Users\amrti\OneDrive\Desktop\GasApp\gas-finder-backend\app.py:261]
2025-12-14 22:39:56,028 INFO: Returned 20 gas stations for location 41.96910122370421,-88.18719280161852 [in C:\Users\amrti\OneDrive\Desktop\GasApp\gas-finder-backend\app.py:261]
2025-12-14 22:40:09,082 INFO: Returned 20 gas stations for location 41.96910122370421,-88.18719280161852 [in C:\Users\amrti\OneDrive\Desktop\GasApp\gas-finder-backend\app.py:261]
2025-12-14 22:40:11,748 INFO: Returned 20 gas stations for location 41.96910122370421,-88.18719280161852 [in C:\Users\amrti\OneDrive\Desktop\GasApp\gas-finder-backend\app.py:261]
2025-12-14 22:40:18,961 INFO: Returned 20 gas stations for location 41.96910122370421,-88.18719280161852 [in C:\Users\amrti\OneDrive\Desktop\GasApp\gas-finder-backend\app.py:261]
2025-12-14 22:40:20,831 INFO: Returned 20 gas stations for location 41.96910122370421,-88.18719280161852 [in C:\Users\amrti\OneDrive\Desktop\GasApp\gas-finder-backend\app.py:261]
2025-12-14 22:40:40,452 INFO: Returned 20 gas stations for location 41.96910193014168,-88.18718511467674 [in C:\Users\amrti\OneDrive\Desktop\GasApp\gas-finder-backend\app.py:261]
2025-12-14 22:40:52,736 INFO: Returned 20 gas stations for location 41.96910193014168,-88.18718511467674 [in C:\Users\amrti\OneDrive\Desktop\GasApp\gas-finder-backend\app.py:261]
2025-12-14 22:40:55,586 INFO: Returned 20 gas stations for location 41.96910193014168,-88.18718511467674 [in C:\Users\amrti\OneDrive\Desktop\GasApp\gas-finder-backend\app.py:261]
2025-12-14 22:41:27,821 INFO: Returned 20 gas stations for location 41.96910193014168,-88.18718511467674 [in C:\Users\amrti\OneDrive\Desktop\GasApp\gas-finder-backend\app.py:261]
2025-12-14 22:41:32,219 INFO: Gas Finder API startup [in C:\Users\amrti\OneDrive\Desktop\GasApp\gas-finder-backend\app.py:31]
2025-12-14 22:41:32,381 INFO: Database initialized [in C:\Users\amrti\OneDrive\Desktop\GasApp\gas-finder-backend\app.py:120]
2025-12-14 22:41:47,855 INFO: Returned 20 gas stations for location 41.96910193014168,-88.18718511467674 [in C:\Users\amrti\OneDrive\Desktop\GasApp\gas-finder-backend\app.py:261]
2025-12-14 22:41:57,593 ERROR: Error in submit_price: table gas_prices has no column named ip_hash [in C:\Users\amrti\OneDrive\Desktop\GasApp\gas-finder-backend\app.py:340]
2025-12-14 22:42:22,777 INFO: Returned 20 gas stations for location 41.96910193014168,-88.18718511467674 [in C:\Users\amrti\OneDrive\Desktop\GasApp\gas-finder-backend\app.py:261]
2025-12-14 22:42:40,352 INFO: Gas Finder API startup [in C:\Users\amrti\OneDrive\Desktop\GasApp\gas-finder-backend\app.py:31]
2025-12-14 22:42:40,559 INFO: Database initialized [in C:\Users\amrti\OneDrive\Desktop\GasApp\gas-finder-backend\app.py:120]
2025-12-14 22:43:46,121 INFO: Returned 20 gas stations for location 41.96911385619351,-88.187195868184 [in C:\Users\amrti\OneDrive\Desktop\GasApp\gas-finder-backend\app.py:261]
2025-12-14 22:43:50,789 INFO: Returned 20 gas stations for location 41.96911385619351,-88.187195868184 [in C:\Users\amrti\OneDrive\Desktop\GasApp\gas-finder-backend\app.py:261]
2025-12-14 22:44:00,889 INFO: Returned 20 gas stations for location 41.96911385619351,-88.187195868184 [in C:\Users\amrti\OneDrive\Desktop\GasApp\gas-finder-backend\app.py:261]
2025-12-14 22:44:09,867 INFO: Returned 7 gas stations for location 41.96911385619351,-88.187195868184 [in C:\Users\amrti\OneDrive\Desktop\GasApp\gas-finder-backend\app.py:261]
2025-12-14 22:44:12,393 INFO: Returned 7 gas stations for location 41.96911385619351,-88.187195868184 [in C:\Users\amrti\OneDrive\Desktop\GasApp\gas-finder-backend\app.py:261]
2025-12-14 22:44:25,296 INFO: Returned 15 gas stations for location 41.96911385619351,-88.187195868184 [in C:\Users\amrti\OneDrive\Desktop\GasApp\gas-finder-backend\app.py:261]
2025-12-14 22:44:31,316 ERROR: Error in submit_price: table gas_prices has no column named ip_hash [in C:\Users\amrti\OneDrive\Desktop\GasApp\gas-finder-backend\app.py:340]
2025-12-14 22:46:28,676 INFO: Returned 20 gas stations for location 41.8781,-87.6298 [in C:\Users\amrti\OneDrive\Desktop\GasApp\gas-finder-backend\app.py:261]
2025-12-14 22:46:47,996 INFO: Returned 20 gas stations for location 41.8781,-87.6298 [in C:\Users\amrti\OneDrive\Desktop\GasApp\gas-finder-backend\app.py:261]
2025-12-14 22:49:33,492 INFO: Gas Finder API startup [in C:\Users\amrti\OneDrive\Desktop\GasApp\gas-finder-backend\app.py:31]
2025-12-14 22:49:33,665 INFO: Database initialized [in C:\Users\amrti\OneDrive\Desktop\GasApp\gas-finder-backend\app.py:120]
2025-12-14 22:51:41,197 INFO: Returned 15 gas stations for location 41.96911385619351,-88.187195868184 [in C:\Users\amrti\OneDrive\Desktop\GasApp\gas-finder-backend\app.py:261]
2025-12-14 22:52:18,876 INFO: Returned 15 gas stations for location 41.96911385619351,-88.187195868184 [in C:\Users\amrti\OneDrive\Desktop\GasApp\gas-finder-backend\app.py:261]
2025-12-14 22:52:49,822 INFO: Returned 7 gas stations for location 41.96911385619351,-88.187195868184 [in C:\Users\amrti\OneDrive\Desktop\GasApp\gas-finder-backend\app.py:261]
2025-12-14 22:53:03,554 INFO: Returned 20 gas stations for location 41.96911385619351,-88.187195868184 [in C:\Users\amrti\OneDrive\Desktop\GasApp\gas-finder-backend\app.py:261]
2025-12-14 22:53:08,128 INFO: Returned 7 gas stations for location 41.96911385619351,-88.187195868184 [in C:\Users\amrti\OneDrive\Desktop\GasApp\gas-finder-backend\app.py:261]
2025-12-14 22:53:10,626 INFO: Returned 7 gas stations for location 41.96911385619351,-88.187195868184 [in C:\Users\amrti\OneDrive\Desktop\GasApp\gas-finder-backend\app.py:261]
2025-12-14 22:53:20,200 ERROR: Error in submit_price: table gas_prices has no column named ip_hash [in C:\Users\amrti\OneDrive\Desktop\GasApp\gas-finder-backend\app.py:340]
2025-12-14 22:53:28,371 INFO: Returned 16 gas stations for location 41.96911385619351,-88.187195868184 [in C:\Users\amrti\OneDrive\Desktop\GasApp\gas-finder-backend\app.py:261]
2025-12-14 22:53:30,787 INFO: Returned 16 gas stations for location 41.96911385619351,-88.187195868184 [in C:\Users\amrti\OneDrive\Desktop\GasApp\gas-finder-backend\app.py:261]
2025-12-14 22:53:38,996 INFO: Returned 20 gas stations for location 41.96911385619351,-88.187195868184 [in C:\Users\amrti\OneDrive\Desktop\GasApp\gas-finder-backend\app.py:261]
2025-12-14 22:53:40,896 INFO: Returned 20 gas stations for location 41.96911385619351,-88.187195868184 [in C:\Users\amrti\OneDrive\Desktop\GasApp\gas-finder-backend\app.py:261]
2025-12-14 22:53:52,701 INFO: Returned 20 gas stations for location 41.96911385619351,-88.187195868184 [in C:\Users\amrti\OneDrive\Desktop\GasApp\gas-finder-backend\app.py:261]
2025-12-14 22:53:56,035 INFO: Returned 20 gas stations for location 41.96911385619351,-88.187195868184 [in C:\Users\amrti\OneDrive\Desktop\GasApp\gas-finder-backend\app.py:261]
2025-12-14 22:54:02,087 INFO: Returned 20 gas stations for location 41.96911385619351,-88.187195868184 [in C:\Users\amrti\OneDrive\Desktop\GasApp\gas-finder-backend\app.py:261]
2025-12-14 22:54:02,653 INFO: Returned 20 gas stations for location 41.96911385619351,-88.187195868184 [in C:\Users\amrti\OneDrive\Desktop\GasApp\gas-finder-backend\app.py:261]
2025-12-14 22:55:10,555 INFO: Returned 20 gas stations for location 41.96911385619351,-88.187195868184 [in C:\Users\amrti\OneDrive\Desktop\GasApp\gas-finder-backend\app.py:261]
2025-12-14 22:58:41,567 ERROR: Error in submit_price: table gas_prices has no column named ip_hash [in C:\Users\amrti\OneDrive\Desktop\GasApp\gas-finder-backend\app.py:340]
2025-12-14 22:59:14,355 INFO: Returned 20 gas stations for location 41.96911385619351,-88.187195868184 [in C:\Users\amrti\OneDrive\Desktop\GasApp\gas-finder-backend\app.py:261]
2025-12-14 22:59:18,797 INFO: Returned 7 gas stations for location 41.96911385619351,-88.187195868184 [in C:\Users\amrti\OneDrive\Desktop\GasApp\gas-finder-backend\app.py:261]
2025-12-14 22:59:22,427 INFO: Returned 15 gas stations for location 41.96911385619351,-88.187195868184 [in C:\Users\amrti\OneDrive\Desktop\GasApp\gas-finder-backend\app.py:261]
2025-12-14 22:59:31,366 INFO: Returned 20 gas stations for location 41.96911385619351,-88.187195868184 [in C:\Users\amrti\OneDrive\Desktop\GasApp\gas-finder-backend\app.py:261]
2025-12-14 22:59:33,043 INFO: Returned 20 gas stations for location 41.96911385619351,-88.187195868184 [in C:\Users\amrti\OneDrive\Desktop\GasApp\gas-finder-backend\app.py:261]
2025-12-14 22:59:44,588 INFO: Returned 20 gas stations for location 41.96911385619351,-88.187195868184 [in C:\Users\amrti\OneDrive\Desktop\GasApp\gas-finder-backend\app.py:261]
2025-12-14 22:59:52,126 INFO: Returned 20 gas stations for location 41.96911385619351,-88.187195868184 [in C:\Users\amrti\OneDrive\Desktop\GasApp\gas-finder-backend\app.py:261]
2025-12-14 22:59:54,273 INFO: Returned 20 gas stations for location 41.96911385619351,-88.187195868184 [in C:\Users\amrti\OneDrive\Desktop\GasApp\gas-finder-backend\app.py:261]
2025-12-14 23:00:31,239 INFO: Gas Finder API startup [in C:\Users\amrti\OneDrive\Desktop\GasApp\gas-finder-backend\app.py:31]
2025-12-14 23:00:31,403 INFO: Database initialized [in C:\Users\amrti\OneDrive\Desktop\GasApp\gas-finder-backend\app.py:120]
2025-12-14 23:00:59,208 INFO: Returned 20 gas stations for location 41.96911385619351,-88.187195868184 [in C:\Users\amrti\OneDrive\Desktop\GasApp\gas-finder-backend\app.py:261]
2025-12-14 23:01:51,604 INFO: Returned 20 gas stations for location 41.96911385619351,-88.187195868184 [in C:\Users\amrti\OneDrive\Desktop\GasApp\gas-finder-backend\app.py:261]
2025-12-14 23:01:58,860 INFO: Returned 20 gas stations for location 41.96911385619351,-88.187195868184 [in C:\Users\amrti\OneDrive\Desktop\GasApp\gas-finder-backend\app.py:261]
2025-12-14 23:02:05,017 INFO: Returned 15 gas stations for location 41.96911385619351,-88.187195868184 [in C:\Users\amrti\OneDrive\Desktop\GasApp\gas-finder-backend\app.py:261]
2025-12-14 23:02:16,036 INFO: Returned 20 gas stations for location 41.96911385619351,-88.187195868184 [in C:\Users\amrti\OneDrive\Desktop\GasApp\gas-finder-backend\app.py:261]
2025-12-14 23:02:17,895 INFO: Returned 20 gas stations for location 41.96911385619351,-88.187195868184 [in C:\Users\amrti\OneDrive\Desktop\GasApp\gas-finder-backend\app.py:261]
2025-12-14 23:02:19,574 INFO: Returned 20 gas stations for location 41.96911385619351,-88.187195868184 [in C:\Users\amrti\OneDrive\Desktop\GasApp\gas-finder-backend\app.py:261]
2025-12-14 23:02:25,324 INFO: Returned 20 gas stations for location 41.96911385619351,-88.187195868184 [in C:\Users\amrti\OneDrive\Desktop\GasApp\gas-finder-backend\app.py:261]
2025-12-14 23:02:38,684 ERROR: Error in submit_price: table gas_prices has no column named ip_hash [in C:\Users\amrti\OneDrive\Desktop\GasApp\gas-finder-backend\app.py:340]
2025-12-14 23:02:44,099 ERROR: Error in submit_price: table gas_prices has no column named ip_hash [in C:\Users\amrti\OneDrive\Desktop\GasApp\gas-finder-backend\app.py:340]
2025-12-14 23:07:40,541 INFO: Gas Finder API startup [in C:\Users\amrti\OneDrive\Desktop\GasApp\gas-finder-backend\app.py:31]
2025-12-14 23:07:40,777 INFO: Database initialized [in C:\Users\amrti\OneDrive\Desktop\GasApp\gas-finder-backend\app.py:120]
2025-12-14 23:12:38,939 INFO: Returned 20 gas stations for location 41.96911385619351,-88.187195868184 [in C:\Users\amrti\OneDrive\Desktop\GasApp\gas-finder-backend\app.py:261]
2025-12-17 23:12:29,043 INFO: Gas Finder API startup [in C:\Users\amrti\OneDrive\Desktop\GasApp\gas-finder-backend\app.py:31]
2025-12-17 23:12:29,079 INFO: Database initialized [in C:\Users\amrti\OneDrive\Desktop\GasApp\gas-finder-backend\app.py:98]
2025-12-17 23:13:35,774 INFO: Returned 20 gas stations for location 41.96911347986114,-88.18719672484221 [in C:\Users\amrti\OneDrive\Desktop\GasApp\gas-finder-backend\app.py:261]
2025-12-17 23:14:04,202 INFO: Returned 15 gas stations for location 41.96911347986114,-88.18719672484221 [in C:\Users\amrti\OneDrive\Desktop\GasApp\gas-finder-backend\app.py:261]
2025-12-17 23:14:06,184 INFO: Returned 15 gas stations for location 41.96911347986114,-88.18719672484221 [in C:\Users\amrti\OneDrive\Desktop\GasApp\gas-finder-backend\app.py:261]
2025-12-17 23:14:11,972 INFO: Returned 20 gas stations for location 41.96911347986114,-88.18719672484221 [in C:\Users\amrti\OneDrive\Desktop\GasApp\gas-finder-backend\app.py:261]
2025-12-17 23:14:13,696 INFO: Returned 20 gas stations for location 41.96911347986114,-88.18719672484221 [in C:\Users\amrti\OneDrive\Desktop\GasApp\gas-finder-backend\app.py:261]
2025-12-17 23:14:18,574 INFO: Returned 20 gas stations for location 41.96911347986114,-88.18719672484221 [in C:\Users\amrti\OneDrive\Desktop\GasApp\gas-finder-backend\app.py:261]
2025-12-17 23:14:21,814 INFO: Returned 20 gas stations for location 41.96911347986114,-88.18719672484221 [in C:\Users\amrti\OneDrive\Desktop\GasApp\gas-finder-backend\app.py:261]
2025-12-17 23:14:29,087 ERROR: Error in submit_price: table gas_prices has no column named ip_hash [in C:\Users\amrti\OneDrive\Desktop\GasApp\gas-finder-backend\app.py:340]
2025-12-17 23:15:12,806 ERROR: Error in submit_price: table gas_prices has no column named ip_hash [in C:\Users\amrti\OneDrive\Desktop\GasApp\gas-finder-backend\app.py:340]
2025-12-17 23:15:35,591 INFO: Returned 20 gas stations for location 41.96911347986114,-88.18719672484221 [in C:\Users\amrti\OneDrive\Desktop\GasApp\gas-finder-backend\app.py:261]
2025-12-17 23:15:36,091 INFO: Returned 20 gas stations for location 41.96911347986114,-88.18719672484221 [in C:\Users\amrti\OneDrive\Desktop\GasApp\gas-finder-backend\app.py:261]
2025-12-17 23:16:03,513 INFO: Returned 15 gas stations for location 41.96911347986114,-88.18719672484221 [in C:\Users\amrti\OneDrive\Desktop\GasApp\gas-finder-backend\app.py:261]
2025-12-17 23:16:16,528 INFO: Returned 15 gas stations for location 41.96911347986114,-88.18719672484221 [in C:\Users\amrti\OneDrive\Desktop\GasApp\gas-finder-backend\app.py:261]
2025-12-17 23:18:06,185 INFO: Gas Finder API startup [in C:\Users\amrti\OneDrive\Desktop\GasApp\gas-finder-backend\app.py:31]
2025-12-17 23:18:06,214 INFO: Database initialized [in C:\Users\amrti\OneDrive\Desktop\GasApp\gas-finder-backend\app.py:98]
2025-12-17 23:18:13,584 INFO: Returned 15 gas stations for location 41.96911347986114,-88.18719672484221 [in C:\Users\amrti\OneDrive\Desktop\GasApp\gas-finder-backend\app.py:261]
2025-12-17 23:18:26,419 ERROR: Error in submit_price: table gas_prices has no column named ip_hash [in C:\Users\amrti\OneDrive\Desktop\GasApp\gas-finder-backend\app.py:340]
2025-12-17 23:20:20,946 INFO: Returned 15 gas stations for location 41.96911347986114,-88.18719672484221 [in C:\Users\amrti\OneDrive\Desktop\GasApp\gas-finder-backend\app.py:261]
2025-12-17 23:20:27,414 ERROR: Error in submit_price: table gas_prices has no column named ip_hash [in C:\Users\amrti\OneDrive\Desktop\GasApp\gas-finder-backend\app.py:340]
2025-12-17 23:20:30,180 ERROR: Error in submit_price: table gas_prices has no column named ip_hash [in C:\Users\amrti\OneDrive\Desktop\GasApp\gas-finder-backend\app.py:340]
2025-12-17 23:20:32,222 ERROR: Error in submit_price: table gas_prices has no column named ip_hash [in C:\Users\amrti\OneDrive\Desktop\GasApp\gas-finder-backend\app.py:340]
2025-12-17 23:24:20,416 INFO: Gas Finder API startup [in C:\Users\amrti\OneDrive\Desktop\GasApp\gas-finder-backend\app.py:31]
2025-12-17 23:24:20,421 INFO: Database initialized [in C:\Users\amrti\OneDrive\Desktop\GasApp\gas-finder-backend\app.py:98]
2025-12-17 23:24:28,768 INFO: Returned 15 gas stations for location 41.96911347986114,-88.18719672484221 [in C:\Users\amrti\OneDrive\Desktop\GasApp\gas-finder-backend\app.py:261]
2025-12-17 23:24:46,209 WARNING: Rate limit exceeded: 192.168.0.248 [in C:\Users\amrti\OneDrive\Desktop\GasApp\gas-finder-backend\app.py:409]
2025-12-17 23:25:06,828 WARNING: Rate limit exceeded: 192.168.0.248 [in C:\Users\amrti\OneDrive\Desktop\GasApp\gas-finder-backend\app.py:409]
2025-12-27 11:57:12,716 INFO: Gas Finder API startup [in C:\Users\amrti\OneDrive\Desktop\GasApp\gas-finder-backend\app.py:31]
2025-12-27 11:57:12,732 INFO: Database initialized [in C:\Users\amrti\OneDrive\Desktop\GasApp\gas-finder-backend\app.py:98]
2025-12-27 11:58:10,332 INFO: Returned 0 gas stations for location 41.96911321426556,-88.18719745626571 [in C:\Users\amrti\OneDrive\Desktop\GasApp\gas-finder-backend\app.py:245]
2025-12-27 11:58:54,344 INFO: Returned 0 gas stations for location 41.96911321426556,-88.18719745626571 [in C:\Users\amrti\OneDrive\Desktop\GasApp\gas-finder-backend\app.py:245]
